# Logfile created on 2014-02-03 20:40:56 -0800 by logger.rb/44203
I, [2014-02-03T20:40:56.856954 #5323]  INFO -- : 0:  RedCloth (4.2.9) from /Users/patrick/.rvm/gems/ruby-2.1.0/specifications/RedCloth-4.2.9.gemspec
I, [2014-02-03T20:40:56.857300 #5323]  INFO -- : 0:  blankslate (2.1.2.4) from /Users/patrick/.rvm/gems/ruby-2.1.0/specifications/blankslate-2.1.2.4.gemspec
I, [2014-02-03T20:40:56.857541 #5323]  INFO -- : 0:  fast-stemmer (1.0.2) from /Users/patrick/.rvm/gems/ruby-2.1.0/specifications/fast-stemmer-1.0.2.gemspec
I, [2014-02-03T20:40:56.857808 #5323]  INFO -- : 0:  classifier (1.3.4) from /Users/patrick/.rvm/gems/ruby-2.1.0/specifications/classifier-1.3.4.gemspec
I, [2014-02-03T20:40:56.858047 #5323]  INFO -- : 0:  colorator (0.1) from /Users/patrick/.rvm/gems/ruby-2.1.0/specifications/colorator-0.1.gemspec
I, [2014-02-03T20:40:56.858273 #5323]  INFO -- : 0:  highline (1.6.20) from /Users/patrick/.rvm/gems/ruby-2.1.0/specifications/highline-1.6.20.gemspec
I, [2014-02-03T20:40:56.858468 #5323]  INFO -- : 0:  commander (4.1.5) from /Users/patrick/.rvm/gems/ruby-2.1.0/specifications/commander-4.1.5.gemspec
I, [2014-02-03T20:40:56.858695 #5323]  INFO -- : 0:  ffi (1.9.3) from /Users/patrick/.rvm/gems/ruby-2.1.0/specifications/ffi-1.9.3.gemspec
I, [2014-02-03T20:40:56.858950 #5323]  INFO -- : 0:  liquid (2.5.5) from /Users/patrick/.rvm/gems/ruby-2.1.0/specifications/liquid-2.5.5.gemspec
I, [2014-02-03T20:40:56.859233 #5323]  INFO -- : 0:  rb-fsevent (0.9.4) from /Users/patrick/.rvm/gems/ruby-2.1.0/specifications/rb-fsevent-0.9.4.gemspec
I, [2014-02-03T20:40:56.859465 #5323]  INFO -- : 0:  rb-inotify (0.9.3) from /Users/patrick/.rvm/gems/ruby-2.1.0/specifications/rb-inotify-0.9.3.gemspec
I, [2014-02-03T20:40:56.859711 #5323]  INFO -- : 0:  rb-kqueue (0.2.0) from /Users/patrick/.rvm/gems/ruby-2.1.0/specifications/rb-kqueue-0.2.0.gemspec
I, [2014-02-03T20:40:56.859918 #5323]  INFO -- : 0:  listen (1.3.1) from /Users/patrick/.rvm/gems/ruby-2.1.0/specifications/listen-1.3.1.gemspec
I, [2014-02-03T20:40:56.860122 #5323]  INFO -- : 0:  maruku (0.7.0) from /Users/patrick/.rvm/gems/ruby-2.1.0/specifications/maruku-0.7.0.gemspec
I, [2014-02-03T20:40:56.860321 #5323]  INFO -- : 0:  posix-spawn (0.3.8) from /Users/patrick/.rvm/gems/ruby-2.1.0/specifications/posix-spawn-0.3.8.gemspec
I, [2014-02-03T20:40:56.860532 #5323]  INFO -- : 0:  yajl-ruby (1.1.0) from /Users/patrick/.rvm/gems/ruby-2.1.0/specifications/yajl-ruby-1.1.0.gemspec
I, [2014-02-03T20:40:56.862281 #5323]  INFO -- : 0:  pygments.rb (0.5.4) from /Users/patrick/.rvm/gems/ruby-2.1.0/specifications/pygments.rb-0.5.4.gemspec
I, [2014-02-03T20:40:56.862494 #5323]  INFO -- : 0:  redcarpet (2.3.0) from /Users/patrick/.rvm/gems/ruby-2.1.0/specifications/redcarpet-2.3.0.gemspec
I, [2014-02-03T20:40:56.862720 #5323]  INFO -- : 0:  safe_yaml (0.9.7) from /Users/patrick/.rvm/gems/ruby-2.1.0/specifications/safe_yaml-0.9.7.gemspec
I, [2014-02-03T20:40:56.862946 #5323]  INFO -- : 0:  parslet (1.5.0) from /Users/patrick/.rvm/gems/ruby-2.1.0/specifications/parslet-1.5.0.gemspec
I, [2014-02-03T20:40:56.863158 #5323]  INFO -- : 0:  toml (0.1.0) from /Users/patrick/.rvm/gems/ruby-2.1.0/specifications/toml-0.1.0.gemspec
I, [2014-02-03T20:40:56.863382 #5323]  INFO -- : 0:  jekyll (1.4.3) from /Users/patrick/.rvm/gems/ruby-2.1.0/specifications/jekyll-1.4.3.gemspec
I, [2014-02-03T20:40:56.863609 #5323]  INFO -- : 0:  kramdown (1.3.1) from /Users/patrick/.rvm/gems/ruby-2.1.0/specifications/kramdown-1.3.1.gemspec
I, [2014-02-03T20:40:56.863806 #5323]  INFO -- : 0:  rdiscount (2.1.7) from /Users/patrick/.rvm/gems/ruby-2.1.0/specifications/rdiscount-2.1.7.gemspec
I, [2014-02-03T20:40:56.863980 #5323]  INFO -- : 0:  github-pages (14) from /Users/patrick/.rvm/gems/ruby-2.1.0/specifications/github-pages-14.gemspec
I, [2014-02-03T20:40:56.864163 #5323]  INFO -- : 0:  tilt (1.4.1) from /Users/patrick/.rvm/gems/ruby-2.1.0@global/specifications/tilt-1.4.1.gemspec
I, [2014-02-03T20:40:56.864326 #5323]  INFO -- : 0:  haml (4.0.5) from /Users/patrick/.rvm/gems/ruby-2.1.0@global/specifications/haml-4.0.5.gemspec
I, [2014-02-03T20:40:56.864501 #5323]  INFO -- : 0:  jekyll-haml (0.1.1) from /Users/patrick/.rvm/gems/ruby-2.1.0/specifications/jekyll-haml-0.1.1.gemspec
I, [2014-02-03T20:40:56.864660 #5323]  INFO -- : 0:  bundler (1.5.1) from /Users/patrick/.rvm/gems/ruby-2.1.0@global/specifications/bundler-1.5.1.gemspec
